[36mvite v8.0.10 [32mbuilding client environment for production...[36m[39m
[2K
transforming...Γ£ô 223 modules transformed.
vp : [31mΓ£ù[39m Build failed in 9.80s
At line:1 char:1
+ vp build 2>&1 | Out-File -Encoding utf8 build-err.log
+ ~~~~~~~~~~~~~
    + CategoryInfo          : NotSpecified: ([31mΓ£ù[39m Build failed in 9.80s:String) [], RemoteException
    + FullyQualifiedErrorId : NativeCommandError
 
[31merror during build:
[31mBuild failed with 1 error:

[plugin vite:css] C:/Users/vic_A/My Drive 
(vic_alejandronavas@outlook.com)/plugin-dev/.obsidian/plugins/vaultman/src/main.scss
Error: [sass] Error: Undefined variable.
   Γò╖
26 Γöé     border-left: 2px solid $border;
   Γöé                            ^^^^^^^
   Γò╡
  ..\..\..\..\..\..\..\src\styles\data\_filters.scss 26:28  @use
  ..\..\..\..\..\..\..\src\main.scss 60:1                   root stylesheet
[sass] Error: Undefined variable.
   Γò╖
26 Γöé     border-left: 2px solid $border;
   Γöé                            ^^^^^^^
   Γò╡
  ..\..\..\..\..\..\..\src\styles\data\_filters.scss 26:28  @use
  ..\..\..\..\..\..\..\src\main.scss 60:1                   root stylesheet
    at handleCompileResponse (C:\Users\vic_A\My Drive (vic_alejandronavas@outlook.com)\plugin-dev\.obsidian\plugins\vau
ltman\node_modules\.pnpm\sass-embedded@1.99.0\node_modules\sass-embedded\dist\lib\src\compiler\utils.js:156:15)
    at AsyncCompiler.compileRequestAsync (C:\Users\vic_A\My Drive (vic_alejandronavas@outlook.com)\plugin-dev\.obsidian
\plugins\vaultman\node_modules\.pnpm\sass-embedded@1.99.0\node_modules\sass-embedded\dist\lib\src\compiler\async.js:115
:54)
    at process.processTicksAndRejections (node:internal/process/task_queues:104:5)
    at async Object.run (file:///C:/Users/vic_A/My%20Drive%20(vic_alejandronavas@outlook.com)/plugin-dev/.obsidian/plug
ins/vaultman/node_modules/.pnpm/@voidzero-dev+vite-plus-cor_e63b120e8858dfad977208420bdda1d8/node_modules/@voidzero-dev
/vite-plus-core/dist/vite/node/chunks/node.js:27028:19)
    at async process (file:///C:/Users/vic_A/My%20Drive%20(vic_alejandronavas@outlook.com)/plugin-dev/.obsidian/plugins
/vaultman/node_modules/.pnpm/@voidzero-dev+vite-plus-cor_e63b120e8858dfad977208420bdda1d8/node_modules/@voidzero-dev/vi
te-plus-core/dist/vite/node/chunks/node.js:27069:20)
    at async compileCSSPreprocessors (file:///C:/Users/vic_A/My%20Drive%20(vic_alejandronavas@outlook.com)/plugin-dev/.
obsidian/plugins/vaultman/node_modules/.pnpm/@voidzero-dev+vite-plus-cor_e63b120e8858dfad977208420bdda1d8/node_modules/
@voidzero-dev/vite-plus-core/dist/vite/node/chunks/node.js:26496:27)
    at async compileCSS (file:///C:/Users/vic_A/My%20Drive%20(vic_alejandronavas@outlook.com)/plugin-dev/.obsidian/plug
ins/vaultman/node_modules/.pnpm/@voidzero-dev+vite-plus-cor_e63b120e8858dfad977208420bdda1d8/node_modules/@voidzero-dev
/vite-plus-core/dist/vite/node/chunks/node.js:26524:30)
    at async TransformPluginContextImpl.handler (file:///C:/Users/vic_A/My%20Drive%20(vic_alejandronavas@outlook.com)/p
lugin-dev/.obsidian/plugins/vaultman/node_modules/.pnpm/@voidzero-dev+vite-plus-cor_e63b120e8858dfad977208420bdda1d8/no
de_modules/@voidzero-dev/vite-plus-core/dist/vite/node/chunks/node.js:26046:47)
    at async plugin (file:///C:/Users/vic_A/My%20Drive%20(vic_alejandronavas@outlook.com)/plugin-dev/.obsidian/plugins/
vaultman/node_modules/.pnpm/@voidzero-dev+vite-plus-cor_e63b120e8858dfad977208420bdda1d8/node_modules/@voidzero-dev/vit
e-plus-core/dist/rolldown/shared/bindingify-input-options-CwT4BXgL.mjs:1172:16)
    at async plugin.<computed> (file:///C:/Users/vic_A/My%20Drive%20(vic_alejandronavas@outlook.com)/plugin-dev/.obsidi
an/plugins/vaultman/node_modules/.pnpm/@voidzero-dev+vite-plus-cor_e63b120e8858dfad977208420bdda1d8/node_modules/@voidz
ero-dev/vite-plus-core/dist/rolldown/shared/bindingify-input-options-CwT4BXgL.mjs:1612:12)[31m
    at aggregateBindingErrorsIntoJsError (file:///C:/Users/vic_A/My%20Drive%20(vic_alejandronavas@outlook.com)/plugin-d
ev/.obsidian/plugins/vaultman/node_modules/.pnpm/@voidzero-dev+vite-plus-cor_e63b120e8858dfad977208420bdda1d8/node_modu
les/@voidzero-dev/vite-plus-core/dist/rolldown/shared/error-DL-e8-oE.mjs:48:18)
    at unwrapBindingResult (file:///C:/Users/vic_A/My%20Drive%20(vic_alejandronavas@outlook.com)/plugin-dev/.obsidian/p
lugins/vaultman/node_modules/.pnpm/@voidzero-dev+vite-plus-cor_e63b120e8858dfad977208420bdda1d8/node_modules/@voidzero-
dev/vite-plus-core/dist/rolldown/shared/error-DL-e8-oE.mjs:18:128)
    at #build (file:///C:/Users/vic_A/My%20Drive%20(vic_alejandronavas@outlook.com)/plugin-dev/.obsidian/plugins/vaultm
an/node_modules/.pnpm/@voidzero-dev+vite-plus-cor_e63b120e8858dfad977208420bdda1d8/node_modules/@voidzero-dev/vite-plus
-core/dist/rolldown/shared/rolldown-build-DrXmg2RO.mjs:3317:34)
    at async buildEnvironment (file:///C:/Users/vic_A/My%20Drive%20(vic_alejandronavas@outlook.com)/plugin-dev/.obsidia
n/plugins/vaultman/node_modules/.pnpm/@voidzero-dev+vite-plus-cor_e63b120e8858dfad977208420bdda1d8/node_modules/@voidze
ro-dev/vite-plus-core/dist/vite/node/chunks/node.js:38591:64)
    at async Object.build (file:///C:/Users/vic_A/My%20Drive%20(vic_alejandronavas@outlook.com)/plugin-dev/.obsidian/pl
ugins/vaultman/node_modules/.pnpm/@voidzero-dev+vite-plus-cor_e63b120e8858dfad977208420bdda1d8/node_modules/@voidzero-d
ev/vite-plus-core/dist/vite/node/chunks/node.js:39013:19)
    at async Object.buildApp (file:///C:/Users/vic_A/My%20Drive%20(vic_alejandronavas@outlook.com)/plugin-dev/.obsidian
/plugins/vaultman/node_modules/.pnpm/@voidzero-dev+vite-plus-cor_e63b120e8858dfad977208420bdda1d8/node_modules/@voidzer
o-dev/vite-plus-core/dist/vite/node/chunks/node.js:39010:153)
    at async CAC.<anonymous> (file:///C:/Users/vic_A/My%20Drive%20(vic_alejandronavas@outlook.com)/plugin-dev/.obsidian
/plugins/vaultman/node_modules/.pnpm/@voidzero-dev+vite-plus-cor_e63b120e8858dfad977208420bdda1d8/node_modules/@voidzer
o-dev/vite-plus-core/dist/vite/node/cli.js:778:3) {
  errors: [Getter/Setter]
}[39m
