[36mvite v8.0.10 [32mbuilding client environment for production...[36m[39m
[2K
transforming...Γ£ô 204 modules transformed.
vp : [31mΓ£ù[39m Build failed in 10.66s
At line:1 char:1
+ vp build 2>&1 | Out-File -Encoding utf8 build-err2.log
+ ~~~~~~~~~~~~~
    + CategoryInfo          : NotSpecified: ([31mΓ£ù[39m Build failed in 10.66s:String) [], RemoteException
    + FullyQualifiedErrorId : NativeCommandError
 
[31merror during build:
[31mBuild failed with 2 errors:

[plugin vite-plugin-svelte:compile] C:/Users/vic_A/My Drive (vic_alejandronavas@outlook.com)/plugin-dev/.obsidian/plugi
ns/vaultman/src/components/explorers/explorerActiveFilters.svelte:157:0
RolldownError: C:/Users/vic_A/My Drive (vic_alejandronavas@outlook.com)/plugin-dev/.obsidian/plugins/vaultman/src/compo
nents/explorers/explorerActiveFilters.svelte:157:0 `<div>` was left open
https://svelte.dev/e/element_unclosed
 155 |  </script>
 156 |  
 157 |  <div class="vm-explorer-popup-shell">
         ^
 158 |    <div class="vm-popup-squircles" aria-label={translate('filters.active')}>
 159 |      <button
[plugin vite-plugin-svelte:compile] C:/Users/vic_A/My Drive (vic_alejandronavas@outlook.com)/plugin-dev/.obsidian/plugi
ns/vaultman/src/components/containers/panelExplorer.svelte:304:8
RolldownError: C:/Users/vic_A/My Drive (vic_alejandronavas@outlook.com)/plugin-dev/.obsidian/plugins/vaultman/src/compo
nents/containers/panelExplorer.svelte:304:8 Expected token }
https://svelte.dev/e/expected_token
 302 |    }
 303 |    .vm-grid-container {
 304 |      flex: 1;
                ^
 305 |      overflow: hidden;
 306 |      min-height: 0;[31m
    at aggregateBindingErrorsIntoJsError (file:///C:/Users/vic_A/My%20Drive%20(vic_alejandronavas@outlook.com)/plugin-d
ev/.obsidian/plugins/vaultman/node_modules/.pnpm/@voidzero-dev+vite-plus-cor_e63b120e8858dfad977208420bdda1d8/node_modu
les/@voidzero-dev/vite-plus-core/dist/rolldown/shared/error-DL-e8-oE.mjs:48:18)
    at unwrapBindingResult (file:///C:/Users/vic_A/My%20Drive%20(vic_alejandronavas@outlook.com)/plugin-dev/.obsidian/p
lugins/vaultman/node_modules/.pnpm/@voidzero-dev+vite-plus-cor_e63b120e8858dfad977208420bdda1d8/node_modules/@voidzero-
dev/vite-plus-core/dist/rolldown/shared/error-DL-e8-oE.mjs:18:128)
    at #build (file:///C:/Users/vic_A/My%20Drive%20(vic_alejandronavas@outlook.com)/plugin-dev/.obsidian/plugins/vaultm
an/node_modules/.pnpm/@voidzero-dev+vite-plus-cor_e63b120e8858dfad977208420bdda1d8/node_modules/@voidzero-dev/vite-plus
-core/dist/rolldown/shared/rolldown-build-DrXmg2RO.mjs:3317:34)
    at async buildEnvironment (file:///C:/Users/vic_A/My%20Drive%20(vic_alejandronavas@outlook.com)/plugin-dev/.obsidia
n/plugins/vaultman/node_modules/.pnpm/@voidzero-dev+vite-plus-cor_e63b120e8858dfad977208420bdda1d8/node_modules/@voidze
ro-dev/vite-plus-core/dist/vite/node/chunks/node.js:38591:64)
    at async Object.build (file:///C:/Users/vic_A/My%20Drive%20(vic_alejandronavas@outlook.com)/plugin-dev/.obsidian/pl
ugins/vaultman/node_modules/.pnpm/@voidzero-dev+vite-plus-cor_e63b120e8858dfad977208420bdda1d8/node_modules/@voidzero-d
ev/vite-plus-core/dist/vite/node/chunks/node.js:39013:19)
    at async Object.buildApp (file:///C:/Users/vic_A/My%20Drive%20(vic_alejandronavas@outlook.com)/plugin-dev/.obsidian
/plugins/vaultman/node_modules/.pnpm/@voidzero-dev+vite-plus-cor_e63b120e8858dfad977208420bdda1d8/node_modules/@voidzer
o-dev/vite-plus-core/dist/vite/node/chunks/node.js:39010:153)
    at async CAC.<anonymous> (file:///C:/Users/vic_A/My%20Drive%20(vic_alejandronavas@outlook.com)/plugin-dev/.obsidian
/plugins/vaultman/node_modules/.pnpm/@voidzero-dev+vite-plus-cor_e63b120e8858dfad977208420bdda1d8/node_modules/@voidzer
o-dev/vite-plus-core/dist/vite/node/cli.js:778:3) {
  errors: [Getter/Setter]
}[39m
